TN:
SF:src/r-crop.tsx
FN:39,(anonymous_0)
FN:57,(anonymous_1)
FN:62,(anonymous_2)
FN:63,(anonymous_3)
FN:78,(anonymous_4)
FN:107,(anonymous_5)
FN:113,(anonymous_6)
FN:119,(anonymous_7)
FN:124,(anonymous_8)
FNF:9
FNH:8
FNDA:2,(anonymous_0)
FNDA:9,(anonymous_1)
FNDA:9,(anonymous_2)
FNDA:18,(anonymous_3)
FNDA:9,(anonymous_4)
FNDA:7,(anonymous_5)
FNDA:9,(anonymous_6)
FNDA:9,(anonymous_7)
FNDA:0,(anonymous_8)
DA:5,1
DA:39,1
DA:49,2
DA:50,2
DA:51,2
DA:52,2
DA:53,2
DA:54,2
DA:57,1
DA:60,9
DA:62,9
DA:63,9
DA:64,18
DA:66,15
DA:67,2
DA:69,13
DA:74,9
DA:77,1
DA:94,9
DA:96,9
DA:104,9
DA:105,9
DA:107,9
DA:108,7
DA:109,0
DA:113,9
DA:114,9
DA:115,2
DA:119,9
DA:120,9
DA:121,8
DA:125,0
DA:126,0
DA:131,0
DA:134,8
DA:138,9
DA:139,9
DA:140,9
DA:142,9
DA:144,9
LF:40
LH:36
BRDA:41,0,0,1
BRDA:44,1,0,1
BRDA:45,2,0,2
BRDA:46,3,0,2
BRDA:47,4,0,1
BRDA:50,5,0,1
BRDA:50,5,1,1
BRDA:53,6,0,2
BRDA:53,6,1,1
BRDA:54,7,0,2
BRDA:54,7,1,1
BRDA:64,8,0,3
BRDA:64,8,1,15
BRDA:66,9,0,2
BRDA:66,9,1,13
BRDA:80,10,0,9
BRDA:90,11,0,9
BRDA:108,12,0,0
BRDA:108,12,1,7
BRDA:108,13,0,7
BRDA:108,13,1,0
BRDA:114,14,0,2
BRDA:114,14,1,7
BRDA:114,15,0,9
BRDA:114,15,1,2
BRDA:120,16,0,8
BRDA:120,16,1,1
BRDA:125,17,0,0
BRDA:125,17,1,0
BRDA:131,18,0,0
BRDA:131,18,1,0
BRDA:134,19,0,8
BRDA:134,19,1,5
BRF:33
BRH:27
end_of_record
TN:
SF:src/utils.ts
FN:49,(anonymous_0)
FN:50,(anonymous_1)
FNF:2
FNH:2
FNDA:9,(anonymous_0)
FNDA:351,(anonymous_1)
DA:7,1
DA:49,1
DA:50,9
DA:51,351
DA:52,351
LF:5
LH:5
BRF:0
BRH:0
end_of_record
